Device being used: cuda:0
Training resnet10 from scratch...
Total params: 0.90M
Training model on Jester dataset...
[train] Epoch: 1/100 Loss: 0.3011860641998741 Acc: 0.8874474053295933
[val] Epoch: 1/100 Loss: 0.15336899586567065 Acc: 0.949343339587242
Execution time: 86.98840624652803

[train] Epoch: 2/100 Loss: 0.168582398379104 Acc: 0.9388733052828425
[val] Epoch: 2/100 Loss: 0.13566769229678008 Acc: 0.9512195121951219
Execution time: 69.48944995552301

[train] Epoch: 3/100 Loss: 0.14156140416665522 Acc: 0.9532491818606826
[val] Epoch: 3/100 Loss: 0.1631889792393341 Acc: 0.9455909943714822
Execution time: 62.8099860381335

[train] Epoch: 4/100 Loss: 0.1317305446460028 Acc: 0.9555867227676484
[val] Epoch: 4/100 Loss: 0.08552931085330265 Acc: 0.9662288930581614
Execution time: 61.85816525295377

[train] Epoch: 5/100 Loss: 0.12613073245035733 Acc: 0.958158017765311
[val] Epoch: 5/100 Loss: 0.09306952777697826 Acc: 0.9681050656660413
Execution time: 61.930847495794296

[train] Epoch: 6/100 Loss: 0.11524122942268654 Acc: 0.9630668536699393
[val] Epoch: 6/100 Loss: 0.10746320065173826 Acc: 0.9634146341463414
Execution time: 63.04284741729498

[train] Epoch: 7/100 Loss: 0.1072395304873213 Acc: 0.9647031323048154
[val] Epoch: 7/100 Loss: 0.0949144851430328 Acc: 0.9690431519699813
Execution time: 58.33190870843828

[train] Epoch: 8/100 Loss: 0.10928988974091221 Acc: 0.9641187470780739
[val] Epoch: 8/100 Loss: 0.09667598701118864 Acc: 0.9718574108818011
Execution time: 59.84853354282677

[train] Epoch: 9/100 Loss: 0.10579389904056645 Acc: 0.9642356241234222
[val] Epoch: 9/100 Loss: 0.07813068945310297 Acc: 0.975609756097561
Execution time: 57.18935779109597

[train] Epoch: 10/100 Loss: 0.08560473162157513 Acc: 0.9724170172978027
[val] Epoch: 10/100 Loss: 0.07699339782843614 Acc: 0.9737335834896811
Execution time: 58.40497544594109

[train] Epoch: 11/100 Loss: 0.0848648678918481 Acc: 0.9712482468443199
[val] Epoch: 11/100 Loss: 0.07308898931526445 Acc: 0.974671669793621
Execution time: 57.297722620889544

[train] Epoch: 12/100 Loss: 0.08343486509874964 Acc: 0.9719495091164095
[val] Epoch: 12/100 Loss: 0.07553358268827955 Acc: 0.9737335834896811
Execution time: 63.223791716620326

[train] Epoch: 13/100 Loss: 0.08588911916963955 Acc: 0.9707807386629267
[val] Epoch: 13/100 Loss: 0.07571026461468014 Acc: 0.975609756097561
Execution time: 56.70398482680321

[train] Epoch: 14/100 Loss: 0.07456467563200214 Acc: 0.9746376811594203
[val] Epoch: 14/100 Loss: 0.07305519231796041 Acc: 0.975609756097561
Execution time: 52.565153451636434

[train] Epoch: 15/100 Loss: 0.07630827156944411 Acc: 0.9725338943431511
[val] Epoch: 15/100 Loss: 0.08200586060547806 Acc: 0.9727954971857411
Execution time: 60.95051825232804

[train] Epoch: 16/100 Loss: 0.07774206895778298 Acc: 0.9740532959326789
[val] Epoch: 16/100 Loss: 0.06858945976747077 Acc: 0.9737335834896811
Execution time: 60.605646435171366

[train] Epoch: 17/100 Loss: 0.08032341493126449 Acc: 0.9735857877512857
[val] Epoch: 17/100 Loss: 0.09140203168745001 Acc: 0.9699812382739212
Execution time: 56.02588704042137

[train] Epoch: 18/100 Loss: 0.07634800538438528 Acc: 0.973702664796634
[val] Epoch: 18/100 Loss: 0.0728489375073903 Acc: 0.9774859287054409
Execution time: 55.9502762183547

[train] Epoch: 19/100 Loss: 0.07110931083878703 Acc: 0.9777933613838242
[val] Epoch: 19/100 Loss: 0.076097009365847 Acc: 0.974671669793621
Execution time: 61.64129089564085

[train] Epoch: 20/100 Loss: 0.07529545474432621 Acc: 0.9754558204768584
[val] Epoch: 20/100 Loss: 0.08035581441085933 Acc: 0.9709193245778611
Execution time: 58.02954636141658

[train] Epoch: 21/100 Loss: 0.07463575286534713 Acc: 0.9774427302477794
[val] Epoch: 21/100 Loss: 0.07272217197100829 Acc: 0.9737335834896811
Execution time: 56.88117037713528

[train] Epoch: 22/100 Loss: 0.07084475081002965 Acc: 0.976858345021038
[val] Epoch: 22/100 Loss: 0.08849276816227786 Acc: 0.974671669793621
Execution time: 41.02940716966987

[train] Epoch: 23/100 Loss: 0.06973670820225346 Acc: 0.9766245909303414
[val] Epoch: 23/100 Loss: 0.08131590236186297 Acc: 0.9784240150093808
Execution time: 60.67271530814469

[train] Epoch: 24/100 Loss: 0.0684648283192119 Acc: 0.976858345021038
[val] Epoch: 24/100 Loss: 0.07141740967765954 Acc: 0.9784240150093808
Execution time: 56.85584072768688

[train] Epoch: 25/100 Loss: 0.07675652096266569 Acc: 0.9754558204768584
[val] Epoch: 25/100 Loss: 0.07394949446203393 Acc: 0.974671669793621
Execution time: 59.60767504200339

[train] Epoch: 26/100 Loss: 0.07082580605608008 Acc: 0.976858345021038
[val] Epoch: 26/100 Loss: 0.09594428002411468 Acc: 0.9718574108818011
Execution time: 59.719380132853985

[train] Epoch: 27/100 Loss: 0.06653409815089043 Acc: 0.9783777466105658
[val] Epoch: 27/100 Loss: 0.07810926851667953 Acc: 0.9727954971857411
Execution time: 57.125184152275324

[train] Epoch: 28/100 Loss: 0.069847893833791 Acc: 0.9769752220663862
[val] Epoch: 28/100 Loss: 0.0693056191550131 Acc: 0.9784240150093808
Execution time: 56.771150751039386

[train] Epoch: 29/100 Loss: 0.06854100999400166 Acc: 0.9781439925198692
[val] Epoch: 29/100 Loss: 0.07288940998203144 Acc: 0.9784240150093808
Execution time: 59.44368361122906

[train] Epoch: 30/100 Loss: 0.06686719254185212 Acc: 0.9782608695652174
[val] Epoch: 30/100 Loss: 0.07585569303727396 Acc: 0.9737335834896811
Execution time: 60.91731480509043

[train] Epoch: 31/100 Loss: 0.0752436752398875 Acc: 0.9752220663861618
[val] Epoch: 31/100 Loss: 0.07423180590495537 Acc: 0.9765478424015009
Execution time: 55.428577695041895

[train] Epoch: 32/100 Loss: 0.0700429122461343 Acc: 0.9761570827489482
[val] Epoch: 32/100 Loss: 0.06727551026566839 Acc: 0.9793621013133208
Execution time: 55.45638820901513

[train] Epoch: 33/100 Loss: 0.07217015777664479 Acc: 0.9749883122954652
[val] Epoch: 33/100 Loss: 0.07665379249925881 Acc: 0.974671669793621
Execution time: 58.598694859072566

[train] Epoch: 34/100 Loss: 0.07287560093385098 Acc: 0.9763908368396448
[val] Epoch: 34/100 Loss: 0.07690659899694416 Acc: 0.9737335834896811
Execution time: 56.818762205541134

[train] Epoch: 35/100 Loss: 0.06930256828225108 Acc: 0.976507713884993
[val] Epoch: 35/100 Loss: 0.07167465521082086 Acc: 0.9765478424015009
Execution time: 56.590482614934444

[train] Epoch: 36/100 Loss: 0.07407881927059536 Acc: 0.9754558204768584
[val] Epoch: 36/100 Loss: 0.0632860550218337 Acc: 0.9812382739212008
Execution time: 57.54865223169327

[train] Epoch: 37/100 Loss: 0.07179952797117674 Acc: 0.975689574567555
[val] Epoch: 37/100 Loss: 0.08795658035437956 Acc: 0.9709193245778611
Execution time: 60.27428469993174

[train] Epoch: 38/100 Loss: 0.07433641448402764 Acc: 0.9760402057035998
[val] Epoch: 38/100 Loss: 0.07043228329440639 Acc: 0.9793621013133208
Execution time: 61.04302477836609

[train] Epoch: 39/100 Loss: 0.07259144605337257 Acc: 0.9755726975222067
[val] Epoch: 39/100 Loss: 0.08234864161708035 Acc: 0.9737335834896811
Execution time: 57.2845416367054

[train] Epoch: 40/100 Loss: 0.07283576812561168 Acc: 0.9746376811594203
[val] Epoch: 40/100 Loss: 0.08108835558426229 Acc: 0.9774859287054409
Execution time: 57.205954883247614

[train] Epoch: 41/100 Loss: 0.07337751589448145 Acc: 0.974520804114072
[val] Epoch: 41/100 Loss: 0.0697727280819184 Acc: 0.9774859287054409
Execution time: 60.00267014093697

[train] Epoch: 42/100 Loss: 0.07356440040137917 Acc: 0.9752220663861618
[val] Epoch: 42/100 Loss: 0.0790323409519209 Acc: 0.9737335834896811
Execution time: 58.98083992674947

[train] Epoch: 43/100 Loss: 0.07408459608143961 Acc: 0.9751051893408135
[val] Epoch: 43/100 Loss: 0.06811472506473788 Acc: 0.9765478424015009
Execution time: 60.019294964149594

[train] Epoch: 44/100 Loss: 0.07245650297346908 Acc: 0.9760402057035998
[val] Epoch: 44/100 Loss: 0.07048223816962672 Acc: 0.9737335834896811
Execution time: 56.9034817609936

[train] Epoch: 45/100 Loss: 0.07577506113403824 Acc: 0.9734689107059374
[val] Epoch: 45/100 Loss: 0.06526258515410727 Acc: 0.9765478424015009
Execution time: 41.20934904180467

[train] Epoch: 46/100 Loss: 0.07228400983467573 Acc: 0.977325853202431
[val] Epoch: 46/100 Loss: 0.07480164323575221 Acc: 0.9774859287054409
Execution time: 58.71706823259592

[train] Epoch: 47/100 Loss: 0.07368887454017042 Acc: 0.974520804114072
[val] Epoch: 47/100 Loss: 0.07595206406421778 Acc: 0.974671669793621
Execution time: 60.91697271168232

[train] Epoch: 48/100 Loss: 0.06966621866349572 Acc: 0.9780271154745208
[val] Epoch: 48/100 Loss: 0.08378382843847458 Acc: 0.9784240150093808
Execution time: 58.8822575584054

[train] Epoch: 49/100 Loss: 0.07147514386733453 Acc: 0.9758064516129032
[val] Epoch: 49/100 Loss: 0.09150875190196045 Acc: 0.9737335834896811
Execution time: 55.71555535495281

[train] Epoch: 50/100 Loss: 0.07377422466641619 Acc: 0.9752220663861618
[val] Epoch: 50/100 Loss: 0.07833565907521386 Acc: 0.974671669793621
Execution time: 62.94219969958067

Save model at /homes/yq300/Documents/project/Jul_20/run/run_4/models/resnet10-Jester_epoch-49.pth.tar

[train] Epoch: 51/100 Loss: 0.06766927636512819 Acc: 0.9770920991117346
[val] Epoch: 51/100 Loss: 0.07193951845941383 Acc: 0.9765478424015009
Execution time: 57.42058128491044

[train] Epoch: 52/100 Loss: 0.06829940151012197 Acc: 0.9761570827489482
[val] Epoch: 52/100 Loss: 0.07541095825719453 Acc: 0.974671669793621
Execution time: 57.767827389761806

[train] Epoch: 53/100 Loss: 0.06740937962785865 Acc: 0.9775596072931276
[val] Epoch: 53/100 Loss: 0.06742013475419097 Acc: 0.9793621013133208
Execution time: 58.56274637207389

[train] Epoch: 54/100 Loss: 0.07755397040638141 Acc: 0.9749883122954652
[val] Epoch: 54/100 Loss: 0.08105481882696695 Acc: 0.9793621013133208
Execution time: 59.654330445453525

[train] Epoch: 55/100 Loss: 0.07299335038658648 Acc: 0.9769752220663862
[val] Epoch: 55/100 Loss: 0.07828628864859215 Acc: 0.9737335834896811
Execution time: 59.20969480462372

[train] Epoch: 56/100 Loss: 0.07666574089969462 Acc: 0.9751051893408135
[val] Epoch: 56/100 Loss: 0.08604647784701795 Acc: 0.9737335834896811
Execution time: 55.14794592000544

[train] Epoch: 57/100 Loss: 0.07533517753437176 Acc: 0.9747545582047686
[val] Epoch: 57/100 Loss: 0.08187036181880444 Acc: 0.9727954971857411
Execution time: 58.60803425498307

[train] Epoch: 58/100 Loss: 0.07268257841664659 Acc: 0.9761570827489482
[val] Epoch: 58/100 Loss: 0.07790311256084612 Acc: 0.974671669793621
Execution time: 57.19578528404236

[train] Epoch: 59/100 Loss: 0.07890049750229161 Acc: 0.973702664796634
[val] Epoch: 59/100 Loss: 0.07658863157963496 Acc: 0.974671669793621
Execution time: 60.90380302257836

[train] Epoch: 60/100 Loss: 0.07514592154733506 Acc: 0.9739364188873306
[val] Epoch: 60/100 Loss: 0.06372560612860836 Acc: 0.9784240150093808
Execution time: 59.09883429296315

[train] Epoch: 61/100 Loss: 0.07439549577536951 Acc: 0.9760402057035998
[val] Epoch: 61/100 Loss: 0.0757204327617875 Acc: 0.974671669793621
Execution time: 55.9233568534255

[train] Epoch: 62/100 Loss: 0.07773988999604009 Acc: 0.973702664796634
[val] Epoch: 62/100 Loss: 0.06967519605741967 Acc: 0.9774859287054409
Execution time: 63.079021126031876

[train] Epoch: 63/100 Loss: 0.0726992819409699 Acc: 0.9749883122954652
[val] Epoch: 63/100 Loss: 0.07354165262002743 Acc: 0.9774859287054409
Execution time: 57.83586298301816

[train] Epoch: 64/100 Loss: 0.0721714050970996 Acc: 0.976858345021038
[val] Epoch: 64/100 Loss: 0.07601573880007019 Acc: 0.9765478424015009
Execution time: 54.71643537841737

[train] Epoch: 65/100 Loss: 0.06973919810708952 Acc: 0.9775596072931276
[val] Epoch: 65/100 Loss: 0.05962847294565465 Acc: 0.9803001876172608
Execution time: 248.12262912653387

[train] Epoch: 66/100 Loss: 0.07521551195684474 Acc: 0.974520804114072
[val] Epoch: 66/100 Loss: 0.06624385912240419 Acc: 0.9803001876172608
Execution time: 40.68594134412706

[train] Epoch: 67/100 Loss: 0.0712953622983233 Acc: 0.9751051893408135
[val] Epoch: 67/100 Loss: 0.07554913664675243 Acc: 0.9784240150093808
Execution time: 38.43989410251379

[train] Epoch: 68/100 Loss: 0.07107196314553824 Acc: 0.9763908368396448
[val] Epoch: 68/100 Loss: 0.07934653080168126 Acc: 0.9718574108818011
Execution time: 63.067176919430494

[train] Epoch: 69/100 Loss: 0.07700444937410646 Acc: 0.9747545582047686
[val] Epoch: 69/100 Loss: 0.0835324611119912 Acc: 0.9718574108818011
Execution time: 62.14190942235291

[train] Epoch: 70/100 Loss: 0.0740133832812278 Acc: 0.9744039270687237
[val] Epoch: 70/100 Loss: 0.07734979646049761 Acc: 0.9737335834896811
Execution time: 52.50132752396166

[train] Epoch: 71/100 Loss: 0.07247312574017342 Acc: 0.9766245909303414
[val] Epoch: 71/100 Loss: 0.07361130307010928 Acc: 0.9784240150093808
Execution time: 53.551517732441425

[train] Epoch: 72/100 Loss: 0.07296942349618224 Acc: 0.9759233286582516
[val] Epoch: 72/100 Loss: 0.08269238375532695 Acc: 0.9737335834896811
Execution time: 61.11791218444705

[train] Epoch: 73/100 Loss: 0.06932225959769973 Acc: 0.9760402057035998
[val] Epoch: 73/100 Loss: 0.07775025199626977 Acc: 0.9737335834896811
Execution time: 58.8304160349071

[train] Epoch: 74/100 Loss: 0.0743662651811995 Acc: 0.9753389434315101
[val] Epoch: 74/100 Loss: 0.06525555399629178 Acc: 0.9784240150093808
Execution time: 57.38271530345082

[train] Epoch: 75/100 Loss: 0.0724085608810533 Acc: 0.976507713884993
[val] Epoch: 75/100 Loss: 0.08101093218885502 Acc: 0.9727954971857411
Execution time: 56.803099708631635

[train] Epoch: 76/100 Loss: 0.07348344117588511 Acc: 0.9749883122954652
[val] Epoch: 76/100 Loss: 0.08152460860259705 Acc: 0.9718574108818011
Execution time: 57.97931289114058

[train] Epoch: 77/100 Loss: 0.07350333764005754 Acc: 0.9749883122954652
[val] Epoch: 77/100 Loss: 0.07830345397596693 Acc: 0.975609756097561
Execution time: 58.267479456961155

[train] Epoch: 78/100 Loss: 0.07277112925715148 Acc: 0.977325853202431
[val] Epoch: 78/100 Loss: 0.07775884572116004 Acc: 0.9765478424015009
Execution time: 38.03583737835288

[train] Epoch: 79/100 Loss: 0.07386263374974163 Acc: 0.9762739597942964
[val] Epoch: 79/100 Loss: 0.08384545251996192 Acc: 0.974671669793621
Execution time: 57.819539211690426

[train] Epoch: 80/100 Loss: 0.07169409747491928 Acc: 0.9760402057035998
[val] Epoch: 80/100 Loss: 0.07044857912862894 Acc: 0.9784240150093808
Execution time: 60.06603656895459

[train] Epoch: 81/100 Loss: 0.07180416874296688 Acc: 0.9758064516129032
[val] Epoch: 81/100 Loss: 0.06669347222779107 Acc: 0.9774859287054409
Execution time: 56.800825553014874

[train] Epoch: 82/100 Loss: 0.07030483747624791 Acc: 0.9758064516129032
[val] Epoch: 82/100 Loss: 0.060918661160744014 Acc: 0.9803001876172608
Execution time: 58.30658482015133

[train] Epoch: 83/100 Loss: 0.06918320313136103 Acc: 0.975689574567555
[val] Epoch: 83/100 Loss: 0.07609471388154193 Acc: 0.9784240150093808
Execution time: 59.65327864140272

[train] Epoch: 84/100 Loss: 0.07191781474772864 Acc: 0.9753389434315101
[val] Epoch: 84/100 Loss: 0.08017335626371834 Acc: 0.9727954971857411
Execution time: 55.35332035459578

[train] Epoch: 85/100 Loss: 0.07204971409325722 Acc: 0.975689574567555
[val] Epoch: 85/100 Loss: 0.0756271524415098 Acc: 0.9774859287054409
Execution time: 57.1446996666491

[train] Epoch: 86/100 Loss: 0.07205532154141499 Acc: 0.9752220663861618
[val] Epoch: 86/100 Loss: 0.08225930382114945 Acc: 0.9727954971857411
Execution time: 59.31029434129596

[train] Epoch: 87/100 Loss: 0.07405974334558667 Acc: 0.9766245909303414
[val] Epoch: 87/100 Loss: 0.07868486049184907 Acc: 0.9774859287054409
Execution time: 56.88676047697663

[train] Epoch: 88/100 Loss: 0.0751321333556951 Acc: 0.975689574567555
[val] Epoch: 88/100 Loss: 0.07270445452573207 Acc: 0.9784240150093808
Execution time: 57.061075281351805

[train] Epoch: 89/100 Loss: 0.07155635862538522 Acc: 0.9759233286582516
[val] Epoch: 89/100 Loss: 0.07624928008041591 Acc: 0.9718574108818011
Execution time: 60.439863085746765

[train] Epoch: 90/100 Loss: 0.06998803445528592 Acc: 0.9770920991117346
[val] Epoch: 90/100 Loss: 0.078364049784287 Acc: 0.9718574108818011
Execution time: 64.4392124991864

[train] Epoch: 91/100 Loss: 0.07239341944288036 Acc: 0.9774427302477794
[val] Epoch: 91/100 Loss: 0.07377963176252247 Acc: 0.974671669793621
Execution time: 58.33850338868797

[train] Epoch: 92/100 Loss: 0.0702151911144457 Acc: 0.9777933613838242
[val] Epoch: 92/100 Loss: 0.0757874735486021 Acc: 0.9765478424015009
Execution time: 58.652384707704186

[train] Epoch: 93/100 Loss: 0.07374258163982028 Acc: 0.9761570827489482
[val] Epoch: 93/100 Loss: 0.07134550632954807 Acc: 0.975609756097561
Execution time: 62.93579667434096

[train] Epoch: 94/100 Loss: 0.07236695033639613 Acc: 0.9758064516129032
[val] Epoch: 94/100 Loss: 0.06646824334368047 Acc: 0.975609756097561
Execution time: 204.02291992492974

[train] Epoch: 95/100 Loss: 0.06964411377726544 Acc: 0.9770920991117346
[val] Epoch: 95/100 Loss: 0.07556828064494547 Acc: 0.975609756097561
Execution time: 216.16924994066358

[train] Epoch: 96/100 Loss: 0.07303886658713646 Acc: 0.9761570827489482
[val] Epoch: 96/100 Loss: 0.0783318389433403 Acc: 0.974671669793621
Execution time: 181.23949539661407

[train] Epoch: 97/100 Loss: 0.06974103337705881 Acc: 0.9759233286582516
[val] Epoch: 97/100 Loss: 0.08310714442812353 Acc: 0.9709193245778611
Execution time: 41.34235228970647

[train] Epoch: 98/100 Loss: 0.07214348767320232 Acc: 0.9740532959326789
[val] Epoch: 98/100 Loss: 0.07884525882226973 Acc: 0.9737335834896811
Execution time: 39.01880838908255

[train] Epoch: 99/100 Loss: 0.0694181993409953 Acc: 0.9780271154745208
[val] Epoch: 99/100 Loss: 0.07098265562038764 Acc: 0.9821763602251408
Execution time: 49.199642492458224

[train] Epoch: 100/100 Loss: 0.07052092196405903 Acc: 0.9777933613838242
[val] Epoch: 100/100 Loss: 0.07912614191657344 Acc: 0.975609756097561
Execution time: 63.89659213274717

Save model at /homes/yq300/Documents/project/Jul_20/run/run_4/models/resnet10-Jester_epoch-99.pth.tar

